This file contains any messages produced by compilers while
running configure, to aid debugging if configure makes a mistake.

It was created by twemcache configure 2.5.2, which was
generated by GNU Autoconf 2.69.  Invocation command line was

  $ ./configure --enable-debug=log

## --------- ##
## Platform. ##
## --------- ##

hostname = localhost.localdomain
uname -m = x86_64
uname -r = 2.6.32-279.14.1.el6.x86_64
uname -s = Linux
uname -v = #1 SMP Tue Nov 6 23:43:09 UTC 2012

/usr/bin/uname -p = unknown
/bin/uname -X     = unknown

/bin/arch              = x86_64
/usr/bin/arch -k       = unknown
/usr/convex/getsysinfo = unknown
/usr/bin/hostinfo      = unknown
/bin/machine           = unknown
/usr/bin/oslevel       = unknown
/bin/universe          = unknown

PATH: /usr/local/sbin
PATH: /usr/local/bin
PATH: /sbin
PATH: /bin
PATH: /usr/sbin
PATH: /usr/bin
PATH: /root/bin


## ----------- ##
## Core tests. ##
## ----------- ##

configure:2393: checking build system type
configure:2407: result: x86_64-unknown-linux-gnu
configure:2427: checking host system type
configure:2440: result: x86_64-unknown-linux-gnu
configure:2460: checking target system type
configure:2473: result: x86_64-unknown-linux-gnu
configure:2518: checking for a BSD-compatible install
configure:2586: result: /usr/bin/install -c
configure:2597: checking whether build environment is sane
configure:2647: result: yes
configure:2788: checking for a thread-safe mkdir -p
configure:2827: result: /bin/mkdir -p
configure:2840: checking for gawk
configure:2856: found /bin/gawk
configure:2867: result: gawk
configure:2878: checking whether make sets $(MAKE)
configure:2900: result: yes
configure:3064: checking for gcc
configure:3080: found /usr/bin/gcc
configure:3091: result: gcc
configure:3320: checking for C compiler version
configure:3329: gcc --version >&5
gcc (GCC) 4.4.6 20120305 (Red Hat 4.4.6-4)
Copyright (C) 2010 Free Software Foundation, Inc.
This is free software; see the source for copying conditions.  There is NO
warranty; not even for MERCHANTABILITY or FITNESS FOR A PARTICULAR PURPOSE.

configure:3340: $? = 0
configure:3329: gcc -v >&5
Using built-in specs.
Target: x86_64-redhat-linux
Configured with: ../configure --prefix=/usr --mandir=/usr/share/man --infodir=/usr/share/info --with-bugurl=http://bugzilla.redhat.com/bugzilla --enable-bootstrap --enable-shared --enable-threads=posix --enable-checking=release --with-system-zlib --enable-__cxa_atexit --disable-libunwind-exceptions --enable-gnu-unique-object --enable-languages=c,c++,objc,obj-c++,java,fortran,ada --enable-java-awt=gtk --disable-dssi --with-java-home=/usr/lib/jvm/java-1.5.0-gcj-1.5.0.0/jre --enable-libgcj-multifile --enable-java-maintainer-mode --with-ecj-jar=/usr/share/java/eclipse-ecj.jar --disable-libjava-multilib --with-ppl --with-cloog --with-tune=generic --with-arch_32=i686 --build=x86_64-redhat-linux
Thread model: posix
gcc version 4.4.6 20120305 (Red Hat 4.4.6-4) (GCC) 
configure:3340: $? = 0
configure:3329: gcc -V >&5
gcc: '-V' option must have argument
configure:3340: $? = 1
configure:3329: gcc -qversion >&5
gcc: unrecognized option '-qversion'
gcc: no input files
configure:3340: $? = 1
configure:3360: checking whether the C compiler works
configure:3382: gcc    conftest.c  >&5
configure:3386: $? = 0
configure:3434: result: yes
configure:3437: checking for C compiler default output file name
configure:3439: result: a.out
configure:3445: checking for suffix of executables
configure:3452: gcc -o conftest    conftest.c  >&5
configure:3456: $? = 0
configure:3478: result: 
configure:3500: checking whether we are cross compiling
configure:3508: gcc -o conftest    conftest.c  >&5
configure:3512: $? = 0
configure:3519: ./conftest
configure:3523: $? = 0
configure:3538: result: no
configure:3543: checking for suffix of object files
configure:3565: gcc -c   conftest.c >&5
configure:3569: $? = 0
configure:3590: result: o
configure:3594: checking whether we are using the GNU C compiler
configure:3613: gcc -c   conftest.c >&5
configure:3613: $? = 0
configure:3622: result: yes
configure:3631: checking whether gcc accepts -g
configure:3651: gcc -c -g  conftest.c >&5
configure:3651: $? = 0
configure:3692: result: yes
configure:3709: checking for gcc option to accept ISO C89
configure:3772: gcc  -c -g -O2  conftest.c >&5
configure:3772: $? = 0
configure:3785: result: none needed
configure:3816: checking for style of include used by make
configure:3844: result: GNU
configure:3869: checking dependency style of gcc
configure:3979: result: gcc3
configure:3995: checking whether make sets $(MAKE)
configure:4017: result: yes
configure:4027: checking whether gcc and cc understand -c and -o together
configure:4058: gcc -c conftest.c -o conftest2.o >&5
configure:4062: $? = 0
configure:4068: gcc -c conftest.c -o conftest2.o >&5
configure:4072: $? = 0
configure:4083: cc -c conftest.c >&5
configure:4087: $? = 0
configure:4095: cc -c conftest.c -o conftest2.o >&5
configure:4099: $? = 0
configure:4105: cc -c conftest.c -o conftest2.o >&5
configure:4109: $? = 0
configure:4127: result: yes
configure:4155: checking for inline
configure:4171: gcc -c -g -O2  conftest.c >&5
configure:4171: $? = 0
configure:4179: result: inline
configure:4197: checking for an ANSI C-conforming const
configure:4263: gcc -c -g -O2  conftest.c >&5
configure:4263: $? = 0
configure:4270: result: yes
configure:4283: checking how to run the C preprocessor
configure:4314: gcc -E  conftest.c
configure:4314: $? = 0
configure:4328: gcc -E  conftest.c
conftest.c:15:28: error: ac_nonexistent.h: No such file or directory
configure:4328: $? = 1
configure: failed program was:
| /* confdefs.h */
| #define PACKAGE_NAME "twemcache"
| #define PACKAGE_TARNAME "twemcache"
| #define PACKAGE_VERSION "2.5.2"
| #define PACKAGE_STRING "twemcache 2.5.2"
| #define PACKAGE_BUGREPORT "cache-team@twitter.com"
| #define PACKAGE_URL ""
| #define PACKAGE "twemcache"
| #define VERSION "2.5.2"
| #define MC_VERSION_MAJOR 2
| #define MC_VERSION_MINOR 5
| #define MC_VERSION_PATCH 2
| #define MC_VERSION_STRING "2.5.2"
| /* end confdefs.h.  */
| #include <ac_nonexistent.h>
configure:4353: result: gcc -E
configure:4373: gcc -E  conftest.c
configure:4373: $? = 0
configure:4387: gcc -E  conftest.c
conftest.c:15:28: error: ac_nonexistent.h: No such file or directory
configure:4387: $? = 1
configure: failed program was:
| /* confdefs.h */
| #define PACKAGE_NAME "twemcache"
| #define PACKAGE_TARNAME "twemcache"
| #define PACKAGE_VERSION "2.5.2"
| #define PACKAGE_STRING "twemcache 2.5.2"
| #define PACKAGE_BUGREPORT "cache-team@twitter.com"
| #define PACKAGE_URL ""
| #define PACKAGE "twemcache"
| #define VERSION "2.5.2"
| #define MC_VERSION_MAJOR 2
| #define MC_VERSION_MINOR 5
| #define MC_VERSION_PATCH 2
| #define MC_VERSION_STRING "2.5.2"
| /* end confdefs.h.  */
| #include <ac_nonexistent.h>
configure:4416: checking for grep that handles long lines and -e
configure:4474: result: /bin/grep
configure:4479: checking for egrep
configure:4541: result: /bin/grep -E
configure:4546: checking for ANSI C header files
configure:4566: gcc -c -g -O2  conftest.c >&5
configure:4566: $? = 0
configure:4639: gcc -o conftest -g -O2   conftest.c  >&5
configure:4639: $? = 0
configure:4639: ./conftest
configure:4639: $? = 0
configure:4650: result: yes
configure:4663: checking for sys/types.h
configure:4663: gcc -c -g -O2  conftest.c >&5
configure:4663: $? = 0
configure:4663: result: yes
configure:4663: checking for sys/stat.h
configure:4663: gcc -c -g -O2  conftest.c >&5
configure:4663: $? = 0
configure:4663: result: yes
configure:4663: checking for stdlib.h
configure:4663: gcc -c -g -O2  conftest.c >&5
configure:4663: $? = 0
configure:4663: result: yes
configure:4663: checking for string.h
configure:4663: gcc -c -g -O2  conftest.c >&5
configure:4663: $? = 0
configure:4663: result: yes
configure:4663: checking for memory.h
configure:4663: gcc -c -g -O2  conftest.c >&5
configure:4663: $? = 0
configure:4663: result: yes
configure:4663: checking for strings.h
configure:4663: gcc -c -g -O2  conftest.c >&5
configure:4663: $? = 0
configure:4663: result: yes
configure:4663: checking for inttypes.h
configure:4663: gcc -c -g -O2  conftest.c >&5
configure:4663: $? = 0
configure:4663: result: yes
configure:4663: checking for stdint.h
configure:4663: gcc -c -g -O2  conftest.c >&5
configure:4663: $? = 0
configure:4663: result: yes
configure:4663: checking for unistd.h
configure:4663: gcc -c -g -O2  conftest.c >&5
configure:4663: $? = 0
configure:4663: result: yes
configure:4675: checking for int8_t
configure:4675: gcc -c -g -O2  conftest.c >&5
configure:4675: $? = 0
configure:4675: gcc -c -g -O2  conftest.c >&5
conftest.c: In function 'main':
conftest.c:63: error: size of array 'test_array' is negative
configure:4675: $? = 1
configure: failed program was:
| /* confdefs.h */
| #define PACKAGE_NAME "twemcache"
| #define PACKAGE_TARNAME "twemcache"
| #define PACKAGE_VERSION "2.5.2"
| #define PACKAGE_STRING "twemcache 2.5.2"
| #define PACKAGE_BUGREPORT "cache-team@twitter.com"
| #define PACKAGE_URL ""
| #define PACKAGE "twemcache"
| #define VERSION "2.5.2"
| #define MC_VERSION_MAJOR 2
| #define MC_VERSION_MINOR 5
| #define MC_VERSION_PATCH 2
| #define MC_VERSION_STRING "2.5.2"
| #define STDC_HEADERS 1
| #define HAVE_SYS_TYPES_H 1
| #define HAVE_SYS_STAT_H 1
| #define HAVE_STDLIB_H 1
| #define HAVE_STRING_H 1
| #define HAVE_MEMORY_H 1
| #define HAVE_STRINGS_H 1
| #define HAVE_INTTYPES_H 1
| #define HAVE_STDINT_H 1
| #define HAVE_UNISTD_H 1
| /* end confdefs.h.  */
| #include <stdio.h>
| #ifdef HAVE_SYS_TYPES_H
| # include <sys/types.h>
| #endif
| #ifdef HAVE_SYS_STAT_H
| # include <sys/stat.h>
| #endif
| #ifdef STDC_HEADERS
| # include <stdlib.h>
| # include <stddef.h>
| #else
| # ifdef HAVE_STDLIB_H
| #  include <stdlib.h>
| # endif
| #endif
| #ifdef HAVE_STRING_H
| # if !defined STDC_HEADERS && defined HAVE_MEMORY_H
| #  include <memory.h>
| # endif
| # include <string.h>
| #endif
| #ifdef HAVE_STRINGS_H
| # include <strings.h>
| #endif
| #ifdef HAVE_INTTYPES_H
| # include <inttypes.h>
| #endif
| #ifdef HAVE_STDINT_H
| # include <stdint.h>
| #endif
| #ifdef HAVE_UNISTD_H
| # include <unistd.h>
| #endif
| 	        enum { N = 8 / 2 - 1 };
| int
| main ()
| {
| static int test_array [1 - 2 * !((int8_t) (((((int8_t) 1 << N) << N) - 1) * 2 + 1)
| 		 < (int8_t) (((((int8_t) 1 << N) << N) - 1) * 2 + 2))];
| test_array [0] = 0;
| return test_array [0];
| 
|   ;
|   return 0;
| }
configure:4675: result: yes
configure:4686: checking for int16_t
configure:4686: gcc -c -g -O2  conftest.c >&5
configure:4686: $? = 0
configure:4686: gcc -c -g -O2  conftest.c >&5
conftest.c: In function 'main':
conftest.c:63: error: size of array 'test_array' is negative
configure:4686: $? = 1
configure: failed program was:
| /* confdefs.h */
| #define PACKAGE_NAME "twemcache"
| #define PACKAGE_TARNAME "twemcache"
| #define PACKAGE_VERSION "2.5.2"
| #define PACKAGE_STRING "twemcache 2.5.2"
| #define PACKAGE_BUGREPORT "cache-team@twitter.com"
| #define PACKAGE_URL ""
| #define PACKAGE "twemcache"
| #define VERSION "2.5.2"
| #define MC_VERSION_MAJOR 2
| #define MC_VERSION_MINOR 5
| #define MC_VERSION_PATCH 2
| #define MC_VERSION_STRING "2.5.2"
| #define STDC_HEADERS 1
| #define HAVE_SYS_TYPES_H 1
| #define HAVE_SYS_STAT_H 1
| #define HAVE_STDLIB_H 1
| #define HAVE_STRING_H 1
| #define HAVE_MEMORY_H 1
| #define HAVE_STRINGS_H 1
| #define HAVE_INTTYPES_H 1
| #define HAVE_STDINT_H 1
| #define HAVE_UNISTD_H 1
| /* end confdefs.h.  */
| #include <stdio.h>
| #ifdef HAVE_SYS_TYPES_H
| # include <sys/types.h>
| #endif
| #ifdef HAVE_SYS_STAT_H
| # include <sys/stat.h>
| #endif
| #ifdef STDC_HEADERS
| # include <stdlib.h>
| # include <stddef.h>
| #else
| # ifdef HAVE_STDLIB_H
| #  include <stdlib.h>
| # endif
| #endif
| #ifdef HAVE_STRING_H
| # if !defined STDC_HEADERS && defined HAVE_MEMORY_H
| #  include <memory.h>
| # endif
| # include <string.h>
| #endif
| #ifdef HAVE_STRINGS_H
| # include <strings.h>
| #endif
| #ifdef HAVE_INTTYPES_H
| # include <inttypes.h>
| #endif
| #ifdef HAVE_STDINT_H
| # include <stdint.h>
| #endif
| #ifdef HAVE_UNISTD_H
| # include <unistd.h>
| #endif
| 	        enum { N = 16 / 2 - 1 };
| int
| main ()
| {
| static int test_array [1 - 2 * !((int16_t) (((((int16_t) 1 << N) << N) - 1) * 2 + 1)
| 		 < (int16_t) (((((int16_t) 1 << N) << N) - 1) * 2 + 2))];
| test_array [0] = 0;
| return test_array [0];
| 
|   ;
|   return 0;
| }
configure:4686: result: yes
configure:4697: checking for int32_t
configure:4697: gcc -c -g -O2  conftest.c >&5
configure:4697: $? = 0
configure:4697: gcc -c -g -O2  conftest.c >&5
conftest.c: In function 'main':
conftest.c:63: warning: integer overflow in expression
conftest.c:63: error: size of array 'test_array' is negative
configure:4697: $? = 1
configure: failed program was:
| /* confdefs.h */
| #define PACKAGE_NAME "twemcache"
| #define PACKAGE_TARNAME "twemcache"
| #define PACKAGE_VERSION "2.5.2"
| #define PACKAGE_STRING "twemcache 2.5.2"
| #define PACKAGE_BUGREPORT "cache-team@twitter.com"
| #define PACKAGE_URL ""
| #define PACKAGE "twemcache"
| #define VERSION "2.5.2"
| #define MC_VERSION_MAJOR 2
| #define MC_VERSION_MINOR 5
| #define MC_VERSION_PATCH 2
| #define MC_VERSION_STRING "2.5.2"
| #define STDC_HEADERS 1
| #define HAVE_SYS_TYPES_H 1
| #define HAVE_SYS_STAT_H 1
| #define HAVE_STDLIB_H 1
| #define HAVE_STRING_H 1
| #define HAVE_MEMORY_H 1
| #define HAVE_STRINGS_H 1
| #define HAVE_INTTYPES_H 1
| #define HAVE_STDINT_H 1
| #define HAVE_UNISTD_H 1
| /* end confdefs.h.  */
| #include <stdio.h>
| #ifdef HAVE_SYS_TYPES_H
| # include <sys/types.h>
| #endif
| #ifdef HAVE_SYS_STAT_H
| # include <sys/stat.h>
| #endif
| #ifdef STDC_HEADERS
| # include <stdlib.h>
| # include <stddef.h>
| #else
| # ifdef HAVE_STDLIB_H
| #  include <stdlib.h>
| # endif
| #endif
| #ifdef HAVE_STRING_H
| # if !defined STDC_HEADERS && defined HAVE_MEMORY_H
| #  include <memory.h>
| # endif
| # include <string.h>
| #endif
| #ifdef HAVE_STRINGS_H
| # include <strings.h>
| #endif
| #ifdef HAVE_INTTYPES_H
| # include <inttypes.h>
| #endif
| #ifdef HAVE_STDINT_H
| # include <stdint.h>
| #endif
| #ifdef HAVE_UNISTD_H
| # include <unistd.h>
| #endif
| 	        enum { N = 32 / 2 - 1 };
| int
| main ()
| {
| static int test_array [1 - 2 * !((int32_t) (((((int32_t) 1 << N) << N) - 1) * 2 + 1)
| 		 < (int32_t) (((((int32_t) 1 << N) << N) - 1) * 2 + 2))];
| test_array [0] = 0;
| return test_array [0];
| 
|   ;
|   return 0;
| }
configure:4697: result: yes
configure:4708: checking for int64_t
configure:4708: gcc -c -g -O2  conftest.c >&5
configure:4708: $? = 0
configure:4708: gcc -c -g -O2  conftest.c >&5
conftest.c: In function 'main':
conftest.c:63: warning: integer overflow in expression
conftest.c:63: error: size of array 'test_array' is negative
configure:4708: $? = 1
configure: failed program was:
| /* confdefs.h */
| #define PACKAGE_NAME "twemcache"
| #define PACKAGE_TARNAME "twemcache"
| #define PACKAGE_VERSION "2.5.2"
| #define PACKAGE_STRING "twemcache 2.5.2"
| #define PACKAGE_BUGREPORT "cache-team@twitter.com"
| #define PACKAGE_URL ""
| #define PACKAGE "twemcache"
| #define VERSION "2.5.2"
| #define MC_VERSION_MAJOR 2
| #define MC_VERSION_MINOR 5
| #define MC_VERSION_PATCH 2
| #define MC_VERSION_STRING "2.5.2"
| #define STDC_HEADERS 1
| #define HAVE_SYS_TYPES_H 1
| #define HAVE_SYS_STAT_H 1
| #define HAVE_STDLIB_H 1
| #define HAVE_STRING_H 1
| #define HAVE_MEMORY_H 1
| #define HAVE_STRINGS_H 1
| #define HAVE_INTTYPES_H 1
| #define HAVE_STDINT_H 1
| #define HAVE_UNISTD_H 1
| /* end confdefs.h.  */
| #include <stdio.h>
| #ifdef HAVE_SYS_TYPES_H
| # include <sys/types.h>
| #endif
| #ifdef HAVE_SYS_STAT_H
| # include <sys/stat.h>
| #endif
| #ifdef STDC_HEADERS
| # include <stdlib.h>
| # include <stddef.h>
| #else
| # ifdef HAVE_STDLIB_H
| #  include <stdlib.h>
| # endif
| #endif
| #ifdef HAVE_STRING_H
| # if !defined STDC_HEADERS && defined HAVE_MEMORY_H
| #  include <memory.h>
| # endif
| # include <string.h>
| #endif
| #ifdef HAVE_STRINGS_H
| # include <strings.h>
| #endif
| #ifdef HAVE_INTTYPES_H
| # include <inttypes.h>
| #endif
| #ifdef HAVE_STDINT_H
| # include <stdint.h>
| #endif
| #ifdef HAVE_UNISTD_H
| # include <unistd.h>
| #endif
| 	        enum { N = 64 / 2 - 1 };
| int
| main ()
| {
| static int test_array [1 - 2 * !((int64_t) (((((int64_t) 1 << N) << N) - 1) * 2 + 1)
| 		 < (int64_t) (((((int64_t) 1 << N) << N) - 1) * 2 + 2))];
| test_array [0] = 0;
| return test_array [0];
| 
|   ;
|   return 0;
| }
configure:4708: result: yes
configure:4720: checking for unsigned long long int
configure:4759: gcc -o conftest -g -O2   conftest.c  >&5
configure:4759: $? = 0
configure:4768: result: yes
configure:4778: checking for long long int
configure:4816: gcc -o conftest -g -O2   conftest.c  >&5
configure:4816: $? = 0
configure:4816: ./conftest
configure:4816: $? = 0
configure:4828: result: yes
configure:4838: checking for intmax_t
configure:4838: gcc -c -g -O2  conftest.c >&5
configure:4838: $? = 0
configure:4838: gcc -c -g -O2  conftest.c >&5
conftest.c: In function 'main':
conftest.c:63: error: expected expression before ')' token
configure:4838: $? = 1
configure: failed program was:
| /* confdefs.h */
| #define PACKAGE_NAME "twemcache"
| #define PACKAGE_TARNAME "twemcache"
| #define PACKAGE_VERSION "2.5.2"
| #define PACKAGE_STRING "twemcache 2.5.2"
| #define PACKAGE_BUGREPORT "cache-team@twitter.com"
| #define PACKAGE_URL ""
| #define PACKAGE "twemcache"
| #define VERSION "2.5.2"
| #define MC_VERSION_MAJOR 2
| #define MC_VERSION_MINOR 5
| #define MC_VERSION_PATCH 2
| #define MC_VERSION_STRING "2.5.2"
| #define STDC_HEADERS 1
| #define HAVE_SYS_TYPES_H 1
| #define HAVE_SYS_STAT_H 1
| #define HAVE_STDLIB_H 1
| #define HAVE_STRING_H 1
| #define HAVE_MEMORY_H 1
| #define HAVE_STRINGS_H 1
| #define HAVE_INTTYPES_H 1
| #define HAVE_STDINT_H 1
| #define HAVE_UNISTD_H 1
| #define HAVE_UNSIGNED_LONG_LONG_INT 1
| #define HAVE_LONG_LONG_INT 1
| /* end confdefs.h.  */
| #include <stdio.h>
| #ifdef HAVE_SYS_TYPES_H
| # include <sys/types.h>
| #endif
| #ifdef HAVE_SYS_STAT_H
| # include <sys/stat.h>
| #endif
| #ifdef STDC_HEADERS
| # include <stdlib.h>
| # include <stddef.h>
| #else
| # ifdef HAVE_STDLIB_H
| #  include <stdlib.h>
| # endif
| #endif
| #ifdef HAVE_STRING_H
| # if !defined STDC_HEADERS && defined HAVE_MEMORY_H
| #  include <memory.h>
| # endif
| # include <string.h>
| #endif
| #ifdef HAVE_STRINGS_H
| # include <strings.h>
| #endif
| #ifdef HAVE_INTTYPES_H
| # include <inttypes.h>
| #endif
| #ifdef HAVE_STDINT_H
| # include <stdint.h>
| #endif
| #ifdef HAVE_UNISTD_H
| # include <unistd.h>
| #endif
| int
| main ()
| {
| if (sizeof ((intmax_t)))
| 	    return 0;
|   ;
|   return 0;
| }
configure:4838: result: yes
configure:4856: checking for intptr_t
configure:4856: gcc -c -g -O2  conftest.c >&5
configure:4856: $? = 0
configure:4856: gcc -c -g -O2  conftest.c >&5
conftest.c: In function 'main':
conftest.c:64: error: expected expression before ')' token
configure:4856: $? = 1
configure: failed program was:
| /* confdefs.h */
| #define PACKAGE_NAME "twemcache"
| #define PACKAGE_TARNAME "twemcache"
| #define PACKAGE_VERSION "2.5.2"
| #define PACKAGE_STRING "twemcache 2.5.2"
| #define PACKAGE_BUGREPORT "cache-team@twitter.com"
| #define PACKAGE_URL ""
| #define PACKAGE "twemcache"
| #define VERSION "2.5.2"
| #define MC_VERSION_MAJOR 2
| #define MC_VERSION_MINOR 5
| #define MC_VERSION_PATCH 2
| #define MC_VERSION_STRING "2.5.2"
| #define STDC_HEADERS 1
| #define HAVE_SYS_TYPES_H 1
| #define HAVE_SYS_STAT_H 1
| #define HAVE_STDLIB_H 1
| #define HAVE_STRING_H 1
| #define HAVE_MEMORY_H 1
| #define HAVE_STRINGS_H 1
| #define HAVE_INTTYPES_H 1
| #define HAVE_STDINT_H 1
| #define HAVE_UNISTD_H 1
| #define HAVE_UNSIGNED_LONG_LONG_INT 1
| #define HAVE_LONG_LONG_INT 1
| #define HAVE_INTMAX_T 1
| /* end confdefs.h.  */
| #include <stdio.h>
| #ifdef HAVE_SYS_TYPES_H
| # include <sys/types.h>
| #endif
| #ifdef HAVE_SYS_STAT_H
| # include <sys/stat.h>
| #endif
| #ifdef STDC_HEADERS
| # include <stdlib.h>
| # include <stddef.h>
| #else
| # ifdef HAVE_STDLIB_H
| #  include <stdlib.h>
| # endif
| #endif
| #ifdef HAVE_STRING_H
| # if !defined STDC_HEADERS && defined HAVE_MEMORY_H
| #  include <memory.h>
| # endif
| # include <string.h>
| #endif
| #ifdef HAVE_STRINGS_H
| # include <strings.h>
| #endif
| #ifdef HAVE_INTTYPES_H
| # include <inttypes.h>
| #endif
| #ifdef HAVE_STDINT_H
| # include <stdint.h>
| #endif
| #ifdef HAVE_UNISTD_H
| # include <unistd.h>
| #endif
| int
| main ()
| {
| if (sizeof ((intptr_t)))
| 	    return 0;
|   ;
|   return 0;
| }
configure:4856: result: yes
configure:4891: checking for uint8_t
configure:4891: gcc -c -g -O2  conftest.c >&5
configure:4891: $? = 0
configure:4891: result: yes
configure:4905: checking for uint16_t
configure:4905: gcc -c -g -O2  conftest.c >&5
configure:4905: $? = 0
configure:4905: result: yes
configure:4917: checking for uint32_t
configure:4917: gcc -c -g -O2  conftest.c >&5
configure:4917: $? = 0
configure:4917: result: yes
configure:4931: checking for uint64_t
configure:4931: gcc -c -g -O2  conftest.c >&5
configure:4931: $? = 0
configure:4931: result: yes
configure:4947: checking for uintmax_t
configure:4947: gcc -c -g -O2  conftest.c >&5
configure:4947: $? = 0
configure:4947: gcc -c -g -O2  conftest.c >&5
conftest.c: In function 'main':
conftest.c:65: error: expected expression before ')' token
configure:4947: $? = 1
configure: failed program was:
| /* confdefs.h */
| #define PACKAGE_NAME "twemcache"
| #define PACKAGE_TARNAME "twemcache"
| #define PACKAGE_VERSION "2.5.2"
| #define PACKAGE_STRING "twemcache 2.5.2"
| #define PACKAGE_BUGREPORT "cache-team@twitter.com"
| #define PACKAGE_URL ""
| #define PACKAGE "twemcache"
| #define VERSION "2.5.2"
| #define MC_VERSION_MAJOR 2
| #define MC_VERSION_MINOR 5
| #define MC_VERSION_PATCH 2
| #define MC_VERSION_STRING "2.5.2"
| #define STDC_HEADERS 1
| #define HAVE_SYS_TYPES_H 1
| #define HAVE_SYS_STAT_H 1
| #define HAVE_STDLIB_H 1
| #define HAVE_STRING_H 1
| #define HAVE_MEMORY_H 1
| #define HAVE_STRINGS_H 1
| #define HAVE_INTTYPES_H 1
| #define HAVE_STDINT_H 1
| #define HAVE_UNISTD_H 1
| #define HAVE_UNSIGNED_LONG_LONG_INT 1
| #define HAVE_LONG_LONG_INT 1
| #define HAVE_INTMAX_T 1
| #define HAVE_INTPTR_T 1
| /* end confdefs.h.  */
| #include <stdio.h>
| #ifdef HAVE_SYS_TYPES_H
| # include <sys/types.h>
| #endif
| #ifdef HAVE_SYS_STAT_H
| # include <sys/stat.h>
| #endif
| #ifdef STDC_HEADERS
| # include <stdlib.h>
| # include <stddef.h>
| #else
| # ifdef HAVE_STDLIB_H
| #  include <stdlib.h>
| # endif
| #endif
| #ifdef HAVE_STRING_H
| # if !defined STDC_HEADERS && defined HAVE_MEMORY_H
| #  include <memory.h>
| # endif
| # include <string.h>
| #endif
| #ifdef HAVE_STRINGS_H
| # include <strings.h>
| #endif
| #ifdef HAVE_INTTYPES_H
| # include <inttypes.h>
| #endif
| #ifdef HAVE_STDINT_H
| # include <stdint.h>
| #endif
| #ifdef HAVE_UNISTD_H
| # include <unistd.h>
| #endif
| int
| main ()
| {
| if (sizeof ((uintmax_t)))
| 	    return 0;
|   ;
|   return 0;
| }
configure:4947: result: yes
configure:4965: checking for uintptr_t
configure:4965: gcc -c -g -O2  conftest.c >&5
configure:4965: $? = 0
configure:4965: gcc -c -g -O2  conftest.c >&5
conftest.c: In function 'main':
conftest.c:66: error: expected expression before ')' token
configure:4965: $? = 1
configure: failed program was:
| /* confdefs.h */
| #define PACKAGE_NAME "twemcache"
| #define PACKAGE_TARNAME "twemcache"
| #define PACKAGE_VERSION "2.5.2"
| #define PACKAGE_STRING "twemcache 2.5.2"
| #define PACKAGE_BUGREPORT "cache-team@twitter.com"
| #define PACKAGE_URL ""
| #define PACKAGE "twemcache"
| #define VERSION "2.5.2"
| #define MC_VERSION_MAJOR 2
| #define MC_VERSION_MINOR 5
| #define MC_VERSION_PATCH 2
| #define MC_VERSION_STRING "2.5.2"
| #define STDC_HEADERS 1
| #define HAVE_SYS_TYPES_H 1
| #define HAVE_SYS_STAT_H 1
| #define HAVE_STDLIB_H 1
| #define HAVE_STRING_H 1
| #define HAVE_MEMORY_H 1
| #define HAVE_STRINGS_H 1
| #define HAVE_INTTYPES_H 1
| #define HAVE_STDINT_H 1
| #define HAVE_UNISTD_H 1
| #define HAVE_UNSIGNED_LONG_LONG_INT 1
| #define HAVE_LONG_LONG_INT 1
| #define HAVE_INTMAX_T 1
| #define HAVE_INTPTR_T 1
| #define HAVE_UINTMAX_T 1
| /* end confdefs.h.  */
| #include <stdio.h>
| #ifdef HAVE_SYS_TYPES_H
| # include <sys/types.h>
| #endif
| #ifdef HAVE_SYS_STAT_H
| # include <sys/stat.h>
| #endif
| #ifdef STDC_HEADERS
| # include <stdlib.h>
| # include <stddef.h>
| #else
| # ifdef HAVE_STDLIB_H
| #  include <stdlib.h>
| # endif
| #endif
| #ifdef HAVE_STRING_H
| # if !defined STDC_HEADERS && defined HAVE_MEMORY_H
| #  include <memory.h>
| # endif
| # include <string.h>
| #endif
| #ifdef HAVE_STRINGS_H
| # include <strings.h>
| #endif
| #ifdef HAVE_INTTYPES_H
| # include <inttypes.h>
| #endif
| #ifdef HAVE_STDINT_H
| # include <stdint.h>
| #endif
| #ifdef HAVE_UNISTD_H
| # include <unistd.h>
| #endif
| int
| main ()
| {
| if (sizeof ((uintptr_t)))
| 	    return 0;
|   ;
|   return 0;
| }
configure:4965: result: yes
configure:5001: checking for off_t
configure:5001: gcc -c -g -O2  conftest.c >&5
configure:5001: $? = 0
configure:5001: gcc -c -g -O2  conftest.c >&5
conftest.c: In function 'main':
conftest.c:67: error: expected expression before ')' token
configure:5001: $? = 1
configure: failed program was:
| /* confdefs.h */
| #define PACKAGE_NAME "twemcache"
| #define PACKAGE_TARNAME "twemcache"
| #define PACKAGE_VERSION "2.5.2"
| #define PACKAGE_STRING "twemcache 2.5.2"
| #define PACKAGE_BUGREPORT "cache-team@twitter.com"
| #define PACKAGE_URL ""
| #define PACKAGE "twemcache"
| #define VERSION "2.5.2"
| #define MC_VERSION_MAJOR 2
| #define MC_VERSION_MINOR 5
| #define MC_VERSION_PATCH 2
| #define MC_VERSION_STRING "2.5.2"
| #define STDC_HEADERS 1
| #define HAVE_SYS_TYPES_H 1
| #define HAVE_SYS_STAT_H 1
| #define HAVE_STDLIB_H 1
| #define HAVE_STRING_H 1
| #define HAVE_MEMORY_H 1
| #define HAVE_STRINGS_H 1
| #define HAVE_INTTYPES_H 1
| #define HAVE_STDINT_H 1
| #define HAVE_UNISTD_H 1
| #define HAVE_UNSIGNED_LONG_LONG_INT 1
| #define HAVE_LONG_LONG_INT 1
| #define HAVE_INTMAX_T 1
| #define HAVE_INTPTR_T 1
| #define HAVE_UINTMAX_T 1
| #define HAVE_UINTPTR_T 1
| /* end confdefs.h.  */
| #include <stdio.h>
| #ifdef HAVE_SYS_TYPES_H
| # include <sys/types.h>
| #endif
| #ifdef HAVE_SYS_STAT_H
| # include <sys/stat.h>
| #endif
| #ifdef STDC_HEADERS
| # include <stdlib.h>
| # include <stddef.h>
| #else
| # ifdef HAVE_STDLIB_H
| #  include <stdlib.h>
| # endif
| #endif
| #ifdef HAVE_STRING_H
| # if !defined STDC_HEADERS && defined HAVE_MEMORY_H
| #  include <memory.h>
| # endif
| # include <string.h>
| #endif
| #ifdef HAVE_STRINGS_H
| # include <strings.h>
| #endif
| #ifdef HAVE_INTTYPES_H
| # include <inttypes.h>
| #endif
| #ifdef HAVE_STDINT_H
| # include <stdint.h>
| #endif
| #ifdef HAVE_UNISTD_H
| # include <unistd.h>
| #endif
| int
| main ()
| {
| if (sizeof ((off_t)))
| 	    return 0;
|   ;
|   return 0;
| }
configure:5001: result: yes
configure:5012: checking for pid_t
configure:5012: gcc -c -g -O2  conftest.c >&5
configure:5012: $? = 0
configure:5012: gcc -c -g -O2  conftest.c >&5
conftest.c: In function 'main':
conftest.c:67: error: expected expression before ')' token
configure:5012: $? = 1
configure: failed program was:
| /* confdefs.h */
| #define PACKAGE_NAME "twemcache"
| #define PACKAGE_TARNAME "twemcache"
| #define PACKAGE_VERSION "2.5.2"
| #define PACKAGE_STRING "twemcache 2.5.2"
| #define PACKAGE_BUGREPORT "cache-team@twitter.com"
| #define PACKAGE_URL ""
| #define PACKAGE "twemcache"
| #define VERSION "2.5.2"
| #define MC_VERSION_MAJOR 2
| #define MC_VERSION_MINOR 5
| #define MC_VERSION_PATCH 2
| #define MC_VERSION_STRING "2.5.2"
| #define STDC_HEADERS 1
| #define HAVE_SYS_TYPES_H 1
| #define HAVE_SYS_STAT_H 1
| #define HAVE_STDLIB_H 1
| #define HAVE_STRING_H 1
| #define HAVE_MEMORY_H 1
| #define HAVE_STRINGS_H 1
| #define HAVE_INTTYPES_H 1
| #define HAVE_STDINT_H 1
| #define HAVE_UNISTD_H 1
| #define HAVE_UNSIGNED_LONG_LONG_INT 1
| #define HAVE_LONG_LONG_INT 1
| #define HAVE_INTMAX_T 1
| #define HAVE_INTPTR_T 1
| #define HAVE_UINTMAX_T 1
| #define HAVE_UINTPTR_T 1
| /* end confdefs.h.  */
| #include <stdio.h>
| #ifdef HAVE_SYS_TYPES_H
| # include <sys/types.h>
| #endif
| #ifdef HAVE_SYS_STAT_H
| # include <sys/stat.h>
| #endif
| #ifdef STDC_HEADERS
| # include <stdlib.h>
| # include <stddef.h>
| #else
| # ifdef HAVE_STDLIB_H
| #  include <stdlib.h>
| # endif
| #endif
| #ifdef HAVE_STRING_H
| # if !defined STDC_HEADERS && defined HAVE_MEMORY_H
| #  include <memory.h>
| # endif
| # include <string.h>
| #endif
| #ifdef HAVE_STRINGS_H
| # include <strings.h>
| #endif
| #ifdef HAVE_INTTYPES_H
| # include <inttypes.h>
| #endif
| #ifdef HAVE_STDINT_H
| # include <stdint.h>
| #endif
| #ifdef HAVE_UNISTD_H
| # include <unistd.h>
| #endif
| int
| main ()
| {
| if (sizeof ((pid_t)))
| 	    return 0;
|   ;
|   return 0;
| }
configure:5012: result: yes
configure:5023: checking for size_t
configure:5023: gcc -c -g -O2  conftest.c >&5
configure:5023: $? = 0
configure:5023: gcc -c -g -O2  conftest.c >&5
conftest.c: In function 'main':
conftest.c:67: error: expected expression before ')' token
configure:5023: $? = 1
configure: failed program was:
| /* confdefs.h */
| #define PACKAGE_NAME "twemcache"
| #define PACKAGE_TARNAME "twemcache"
| #define PACKAGE_VERSION "2.5.2"
| #define PACKAGE_STRING "twemcache 2.5.2"
| #define PACKAGE_BUGREPORT "cache-team@twitter.com"
| #define PACKAGE_URL ""
| #define PACKAGE "twemcache"
| #define VERSION "2.5.2"
| #define MC_VERSION_MAJOR 2
| #define MC_VERSION_MINOR 5
| #define MC_VERSION_PATCH 2
| #define MC_VERSION_STRING "2.5.2"
| #define STDC_HEADERS 1
| #define HAVE_SYS_TYPES_H 1
| #define HAVE_SYS_STAT_H 1
| #define HAVE_STDLIB_H 1
| #define HAVE_STRING_H 1
| #define HAVE_MEMORY_H 1
| #define HAVE_STRINGS_H 1
| #define HAVE_INTTYPES_H 1
| #define HAVE_STDINT_H 1
| #define HAVE_UNISTD_H 1
| #define HAVE_UNSIGNED_LONG_LONG_INT 1
| #define HAVE_LONG_LONG_INT 1
| #define HAVE_INTMAX_T 1
| #define HAVE_INTPTR_T 1
| #define HAVE_UINTMAX_T 1
| #define HAVE_UINTPTR_T 1
| /* end confdefs.h.  */
| #include <stdio.h>
| #ifdef HAVE_SYS_TYPES_H
| # include <sys/types.h>
| #endif
| #ifdef HAVE_SYS_STAT_H
| # include <sys/stat.h>
| #endif
| #ifdef STDC_HEADERS
| # include <stdlib.h>
| # include <stddef.h>
| #else
| # ifdef HAVE_STDLIB_H
| #  include <stdlib.h>
| # endif
| #endif
| #ifdef HAVE_STRING_H
| # if !defined STDC_HEADERS && defined HAVE_MEMORY_H
| #  include <memory.h>
| # endif
| # include <string.h>
| #endif
| #ifdef HAVE_STRINGS_H
| # include <strings.h>
| #endif
| #ifdef HAVE_INTTYPES_H
| # include <inttypes.h>
| #endif
| #ifdef HAVE_STDINT_H
| # include <stdint.h>
| #endif
| #ifdef HAVE_UNISTD_H
| # include <unistd.h>
| #endif
| int
| main ()
| {
| if (sizeof ((size_t)))
| 	    return 0;
|   ;
|   return 0;
| }
configure:5023: result: yes
configure:5034: checking for ssize_t
configure:5034: gcc -c -g -O2  conftest.c >&5
configure:5034: $? = 0
configure:5034: gcc -c -g -O2  conftest.c >&5
conftest.c: In function 'main':
conftest.c:67: error: expected expression before ')' token
configure:5034: $? = 1
configure: failed program was:
| /* confdefs.h */
| #define PACKAGE_NAME "twemcache"
| #define PACKAGE_TARNAME "twemcache"
| #define PACKAGE_VERSION "2.5.2"
| #define PACKAGE_STRING "twemcache 2.5.2"
| #define PACKAGE_BUGREPORT "cache-team@twitter.com"
| #define PACKAGE_URL ""
| #define PACKAGE "twemcache"
| #define VERSION "2.5.2"
| #define MC_VERSION_MAJOR 2
| #define MC_VERSION_MINOR 5
| #define MC_VERSION_PATCH 2
| #define MC_VERSION_STRING "2.5.2"
| #define STDC_HEADERS 1
| #define HAVE_SYS_TYPES_H 1
| #define HAVE_SYS_STAT_H 1
| #define HAVE_STDLIB_H 1
| #define HAVE_STRING_H 1
| #define HAVE_MEMORY_H 1
| #define HAVE_STRINGS_H 1
| #define HAVE_INTTYPES_H 1
| #define HAVE_STDINT_H 1
| #define HAVE_UNISTD_H 1
| #define HAVE_UNSIGNED_LONG_LONG_INT 1
| #define HAVE_LONG_LONG_INT 1
| #define HAVE_INTMAX_T 1
| #define HAVE_INTPTR_T 1
| #define HAVE_UINTMAX_T 1
| #define HAVE_UINTPTR_T 1
| /* end confdefs.h.  */
| #include <stdio.h>
| #ifdef HAVE_SYS_TYPES_H
| # include <sys/types.h>
| #endif
| #ifdef HAVE_SYS_STAT_H
| # include <sys/stat.h>
| #endif
| #ifdef STDC_HEADERS
| # include <stdlib.h>
| # include <stddef.h>
| #else
| # ifdef HAVE_STDLIB_H
| #  include <stdlib.h>
| # endif
| #endif
| #ifdef HAVE_STRING_H
| # if !defined STDC_HEADERS && defined HAVE_MEMORY_H
| #  include <memory.h>
| # endif
| # include <string.h>
| #endif
| #ifdef HAVE_STRINGS_H
| # include <strings.h>
| #endif
| #ifdef HAVE_INTTYPES_H
| # include <inttypes.h>
| #endif
| #ifdef HAVE_STDINT_H
| # include <stdint.h>
| #endif
| #ifdef HAVE_UNISTD_H
| # include <unistd.h>
| #endif
| int
| main ()
| {
| if (sizeof ((ssize_t)))
| 	    return 0;
|   ;
|   return 0;
| }
configure:5034: result: yes
configure:5045: checking for uid_t in sys/types.h
configure:5064: result: yes
configure:5077: checking for stdbool.h that conforms to C99
configure:5144: gcc -c -g -O2  conftest.c >&5
configure:5144: $? = 0
configure:5151: result: yes
configure:5153: checking for _Bool
configure:5153: gcc -c -g -O2  conftest.c >&5
configure:5153: $? = 0
configure:5153: gcc -c -g -O2  conftest.c >&5
conftest.c: In function 'main':
conftest.c:67: error: expected expression before ')' token
configure:5153: $? = 1
configure: failed program was:
| /* confdefs.h */
| #define PACKAGE_NAME "twemcache"
| #define PACKAGE_TARNAME "twemcache"
| #define PACKAGE_VERSION "2.5.2"
| #define PACKAGE_STRING "twemcache 2.5.2"
| #define PACKAGE_BUGREPORT "cache-team@twitter.com"
| #define PACKAGE_URL ""
| #define PACKAGE "twemcache"
| #define VERSION "2.5.2"
| #define MC_VERSION_MAJOR 2
| #define MC_VERSION_MINOR 5
| #define MC_VERSION_PATCH 2
| #define MC_VERSION_STRING "2.5.2"
| #define STDC_HEADERS 1
| #define HAVE_SYS_TYPES_H 1
| #define HAVE_SYS_STAT_H 1
| #define HAVE_STDLIB_H 1
| #define HAVE_STRING_H 1
| #define HAVE_MEMORY_H 1
| #define HAVE_STRINGS_H 1
| #define HAVE_INTTYPES_H 1
| #define HAVE_STDINT_H 1
| #define HAVE_UNISTD_H 1
| #define HAVE_UNSIGNED_LONG_LONG_INT 1
| #define HAVE_LONG_LONG_INT 1
| #define HAVE_INTMAX_T 1
| #define HAVE_INTPTR_T 1
| #define HAVE_UINTMAX_T 1
| #define HAVE_UINTPTR_T 1
| /* end confdefs.h.  */
| #include <stdio.h>
| #ifdef HAVE_SYS_TYPES_H
| # include <sys/types.h>
| #endif
| #ifdef HAVE_SYS_STAT_H
| # include <sys/stat.h>
| #endif
| #ifdef STDC_HEADERS
| # include <stdlib.h>
| # include <stddef.h>
| #else
| # ifdef HAVE_STDLIB_H
| #  include <stdlib.h>
| # endif
| #endif
| #ifdef HAVE_STRING_H
| # if !defined STDC_HEADERS && defined HAVE_MEMORY_H
| #  include <memory.h>
| # endif
| # include <string.h>
| #endif
| #ifdef HAVE_STRINGS_H
| # include <strings.h>
| #endif
| #ifdef HAVE_INTTYPES_H
| # include <inttypes.h>
| #endif
| #ifdef HAVE_STDINT_H
| # include <stdint.h>
| #endif
| #ifdef HAVE_UNISTD_H
| # include <unistd.h>
| #endif
| int
| main ()
| {
| if (sizeof ((_Bool)))
| 	    return 0;
|   ;
|   return 0;
| }
configure:5153: result: yes
configure:5173: checking fcntl.h usability
configure:5173: gcc -c -g -O2  conftest.c >&5
configure:5173: $? = 0
configure:5173: result: yes
configure:5173: checking fcntl.h presence
configure:5173: gcc -E  conftest.c
configure:5173: $? = 0
configure:5173: result: yes
configure:5173: checking for fcntl.h
configure:5173: result: yes
configure:5173: checking float.h usability
configure:5173: gcc -c -g -O2  conftest.c >&5
configure:5173: $? = 0
configure:5173: result: yes
configure:5173: checking float.h presence
configure:5173: gcc -E  conftest.c
configure:5173: $? = 0
configure:5173: result: yes
configure:5173: checking for float.h
configure:5173: result: yes
configure:5173: checking limits.h usability
configure:5173: gcc -c -g -O2  conftest.c >&5
configure:5173: $? = 0
configure:5173: result: yes
configure:5173: checking limits.h presence
configure:5173: gcc -E  conftest.c
configure:5173: $? = 0
configure:5173: result: yes
configure:5173: checking for limits.h
configure:5173: result: yes
configure:5173: checking stddef.h usability
configure:5173: gcc -c -g -O2  conftest.c >&5
configure:5173: $? = 0
configure:5173: result: yes
configure:5173: checking stddef.h presence
configure:5173: gcc -E  conftest.c
configure:5173: $? = 0
configure:5173: result: yes
configure:5173: checking for stddef.h
configure:5173: result: yes
configure:5173: checking for stdlib.h
configure:5173: result: yes
configure:5173: checking for string.h
configure:5173: result: yes
configure:5173: checking for unistd.h
configure:5173: result: yes
configure:5186: checking for inttypes.h
configure:5186: result: yes
configure:5186: checking for stdint.h
configure:5186: result: yes
configure:5199: checking sys/ioctl.h usability
configure:5199: gcc -c -g -O2  conftest.c >&5
configure:5199: $? = 0
configure:5199: result: yes
configure:5199: checking sys/ioctl.h presence
configure:5199: gcc -E  conftest.c
configure:5199: $? = 0
configure:5199: result: yes
configure:5199: checking for sys/ioctl.h
configure:5199: result: yes
configure:5199: checking sys/time.h usability
configure:5199: gcc -c -g -O2  conftest.c >&5
configure:5199: $? = 0
configure:5199: result: yes
configure:5199: checking sys/time.h presence
configure:5199: gcc -E  conftest.c
configure:5199: $? = 0
configure:5199: result: yes
configure:5199: checking for sys/time.h
configure:5199: result: yes
configure:5199: checking sys/uio.h usability
configure:5199: gcc -c -g -O2  conftest.c >&5
configure:5199: $? = 0
configure:5199: result: yes
configure:5199: checking sys/uio.h presence
configure:5199: gcc -E  conftest.c
configure:5199: $? = 0
configure:5199: result: yes
configure:5199: checking for sys/uio.h
configure:5199: result: yes
configure:5212: checking sys/socket.h usability
configure:5212: gcc -c -g -O2  conftest.c >&5
configure:5212: $? = 0
configure:5212: result: yes
configure:5212: checking sys/socket.h presence
configure:5212: gcc -E  conftest.c
configure:5212: $? = 0
configure:5212: result: yes
configure:5212: checking for sys/socket.h
configure:5212: result: yes
configure:5212: checking sys/un.h usability
configure:5212: gcc -c -g -O2  conftest.c >&5
configure:5212: $? = 0
configure:5212: result: yes
configure:5212: checking sys/un.h presence
configure:5212: gcc -E  conftest.c
configure:5212: $? = 0
configure:5212: result: yes
configure:5212: checking for sys/un.h
configure:5212: result: yes
configure:5212: checking netinet/in.h usability
configure:5212: gcc -c -g -O2  conftest.c >&5
configure:5212: $? = 0
configure:5212: result: yes
configure:5212: checking netinet/in.h presence
configure:5212: gcc -E  conftest.c
configure:5212: $? = 0
configure:5212: result: yes
configure:5212: checking for netinet/in.h
configure:5212: result: yes
configure:5212: checking arpa/inet.h usability
configure:5212: gcc -c -g -O2  conftest.c >&5
configure:5212: $? = 0
configure:5212: result: yes
configure:5212: checking arpa/inet.h presence
configure:5212: gcc -E  conftest.c
configure:5212: $? = 0
configure:5212: result: yes
configure:5212: checking for arpa/inet.h
configure:5212: result: yes
configure:5212: checking netdb.h usability
configure:5212: gcc -c -g -O2  conftest.c >&5
configure:5212: $? = 0
configure:5212: result: yes
configure:5212: checking netdb.h presence
configure:5212: gcc -E  conftest.c
configure:5212: $? = 0
configure:5212: result: yes
configure:5212: checking for netdb.h
configure:5212: result: yes
configure:5226: checking vfork.h usability
configure:5226: gcc -c -g -O2  conftest.c >&5
conftest.c:83:19: error: vfork.h: No such file or directory
configure:5226: $? = 1
configure: failed program was:
| /* confdefs.h */
| #define PACKAGE_NAME "twemcache"
| #define PACKAGE_TARNAME "twemcache"
| #define PACKAGE_VERSION "2.5.2"
| #define PACKAGE_STRING "twemcache 2.5.2"
| #define PACKAGE_BUGREPORT "cache-team@twitter.com"
| #define PACKAGE_URL ""
| #define PACKAGE "twemcache"
| #define VERSION "2.5.2"
| #define MC_VERSION_MAJOR 2
| #define MC_VERSION_MINOR 5
| #define MC_VERSION_PATCH 2
| #define MC_VERSION_STRING "2.5.2"
| #define STDC_HEADERS 1
| #define HAVE_SYS_TYPES_H 1
| #define HAVE_SYS_STAT_H 1
| #define HAVE_STDLIB_H 1
| #define HAVE_STRING_H 1
| #define HAVE_MEMORY_H 1
| #define HAVE_STRINGS_H 1
| #define HAVE_INTTYPES_H 1
| #define HAVE_STDINT_H 1
| #define HAVE_UNISTD_H 1
| #define HAVE_UNSIGNED_LONG_LONG_INT 1
| #define HAVE_LONG_LONG_INT 1
| #define HAVE_INTMAX_T 1
| #define HAVE_INTPTR_T 1
| #define HAVE_UINTMAX_T 1
| #define HAVE_UINTPTR_T 1
| #define HAVE__BOOL 1
| #define HAVE_STDBOOL_H 1
| #define HAVE_FCNTL_H 1
| #define HAVE_FLOAT_H 1
| #define HAVE_LIMITS_H 1
| #define HAVE_STDDEF_H 1
| #define HAVE_STDLIB_H 1
| #define HAVE_STRING_H 1
| #define HAVE_UNISTD_H 1
| #define HAVE_INTTYPES_H 1
| #define HAVE_STDINT_H 1
| #define HAVE_SYS_IOCTL_H 1
| #define HAVE_SYS_TIME_H 1
| #define HAVE_SYS_UIO_H 1
| #define HAVE_SYS_SOCKET_H 1
| #define HAVE_SYS_UN_H 1
| #define HAVE_NETINET_IN_H 1
| #define HAVE_ARPA_INET_H 1
| #define HAVE_NETDB_H 1
| /* end confdefs.h.  */
| #include <stdio.h>
| #ifdef HAVE_SYS_TYPES_H
| # include <sys/types.h>
| #endif
| #ifdef HAVE_SYS_STAT_H
| # include <sys/stat.h>
| #endif
| #ifdef STDC_HEADERS
| # include <stdlib.h>
| # include <stddef.h>
| #else
| # ifdef HAVE_STDLIB_H
| #  include <stdlib.h>
| # endif
| #endif
| #ifdef HAVE_STRING_H
| # if !defined STDC_HEADERS && defined HAVE_MEMORY_H
| #  include <memory.h>
| # endif
| # include <string.h>
| #endif
| #ifdef HAVE_STRINGS_H
| # include <strings.h>
| #endif
| #ifdef HAVE_INTTYPES_H
| # include <inttypes.h>
| #endif
| #ifdef HAVE_STDINT_H
| # include <stdint.h>
| #endif
| #ifdef HAVE_UNISTD_H
| # include <unistd.h>
| #endif
| #include <vfork.h>
configure:5226: result: no
configure:5226: checking vfork.h presence
configure:5226: gcc -E  conftest.c
conftest.c:50:19: error: vfork.h: No such file or directory
configure:5226: $? = 1
configure: failed program was:
| /* confdefs.h */
| #define PACKAGE_NAME "twemcache"
| #define PACKAGE_TARNAME "twemcache"
| #define PACKAGE_VERSION "2.5.2"
| #define PACKAGE_STRING "twemcache 2.5.2"
| #define PACKAGE_BUGREPORT "cache-team@twitter.com"
| #define PACKAGE_URL ""
| #define PACKAGE "twemcache"
| #define VERSION "2.5.2"
| #define MC_VERSION_MAJOR 2
| #define MC_VERSION_MINOR 5
| #define MC_VERSION_PATCH 2
| #define MC_VERSION_STRING "2.5.2"
| #define STDC_HEADERS 1
| #define HAVE_SYS_TYPES_H 1
| #define HAVE_SYS_STAT_H 1
| #define HAVE_STDLIB_H 1
| #define HAVE_STRING_H 1
| #define HAVE_MEMORY_H 1
| #define HAVE_STRINGS_H 1
| #define HAVE_INTTYPES_H 1
| #define HAVE_STDINT_H 1
| #define HAVE_UNISTD_H 1
| #define HAVE_UNSIGNED_LONG_LONG_INT 1
| #define HAVE_LONG_LONG_INT 1
| #define HAVE_INTMAX_T 1
| #define HAVE_INTPTR_T 1
| #define HAVE_UINTMAX_T 1
| #define HAVE_UINTPTR_T 1
| #define HAVE__BOOL 1
| #define HAVE_STDBOOL_H 1
| #define HAVE_FCNTL_H 1
| #define HAVE_FLOAT_H 1
| #define HAVE_LIMITS_H 1
| #define HAVE_STDDEF_H 1
| #define HAVE_STDLIB_H 1
| #define HAVE_STRING_H 1
| #define HAVE_UNISTD_H 1
| #define HAVE_INTTYPES_H 1
| #define HAVE_STDINT_H 1
| #define HAVE_SYS_IOCTL_H 1
| #define HAVE_SYS_TIME_H 1
| #define HAVE_SYS_UIO_H 1
| #define HAVE_SYS_SOCKET_H 1
| #define HAVE_SYS_UN_H 1
| #define HAVE_NETINET_IN_H 1
| #define HAVE_ARPA_INET_H 1
| #define HAVE_NETDB_H 1
| /* end confdefs.h.  */
| #include <vfork.h>
configure:5226: result: no
configure:5226: checking for vfork.h
configure:5226: result: no
configure:5239: checking for fork
configure:5239: gcc -o conftest -g -O2   conftest.c  >&5
conftest.c:73: warning: conflicting types for built-in function 'fork'
configure:5239: $? = 0
configure:5239: result: yes
configure:5239: checking for vfork
configure:5239: gcc -o conftest -g -O2   conftest.c  >&5
configure:5239: $? = 0
configure:5239: result: yes
configure:5249: checking for working fork
configure:5271: gcc -o conftest -g -O2   conftest.c  >&5
configure:5271: $? = 0
configure:5271: ./conftest
configure:5271: $? = 0
configure:5281: result: yes
configure:5302: checking for working vfork
configure:5412: result: yes
configure:5439: checking for stdlib.h
configure:5439: result: yes
configure:5449: checking for GNU libc compatible malloc
configure:5473: gcc -o conftest -g -O2   conftest.c  >&5
configure:5473: $? = 0
configure:5473: ./conftest
configure:5473: $? = 0
configure:5483: result: yes
configure:5506: checking for stdlib.h
configure:5506: result: yes
configure:5516: checking for GNU libc compatible realloc
configure:5540: gcc -o conftest -g -O2   conftest.c  >&5
configure:5540: $? = 0
configure:5540: ./conftest
configure:5540: $? = 0
configure:5550: result: yes
configure:5573: checking for dup2
configure:5573: gcc -o conftest -g -O2   conftest.c  >&5
configure:5573: $? = 0
configure:5573: result: yes
configure:5584: checking for gethostname
configure:5584: gcc -o conftest -g -O2   conftest.c  >&5
configure:5584: $? = 0
configure:5584: result: yes
configure:5595: checking for gettimeofday
configure:5595: gcc -o conftest -g -O2   conftest.c  >&5
configure:5595: $? = 0
configure:5595: result: yes
configure:5606: checking for strerror
configure:5606: gcc -o conftest -g -O2   conftest.c  >&5
configure:5606: $? = 0
configure:5606: result: yes
configure:5617: checking for socket
configure:5617: gcc -o conftest -g -O2   conftest.c  >&5
configure:5617: $? = 0
configure:5617: result: yes
configure:5629: checking for memchr
configure:5629: gcc -o conftest -g -O2   conftest.c  >&5
conftest.c:86: warning: conflicting types for built-in function 'memchr'
configure:5629: $? = 0
configure:5629: result: yes
configure:5629: checking for memmove
configure:5629: gcc -o conftest -g -O2   conftest.c  >&5
conftest.c:87: warning: conflicting types for built-in function 'memmove'
configure:5629: $? = 0
configure:5629: result: yes
configure:5629: checking for memset
configure:5629: gcc -o conftest -g -O2   conftest.c  >&5
conftest.c:88: warning: conflicting types for built-in function 'memset'
configure:5629: $? = 0
configure:5629: result: yes
configure:5641: checking for strchr
configure:5641: gcc -o conftest -g -O2   conftest.c  >&5
conftest.c:89: warning: conflicting types for built-in function 'strchr'
configure:5641: $? = 0
configure:5641: result: yes
configure:5641: checking for strndup
configure:5641: gcc -o conftest -g -O2   conftest.c  >&5
conftest.c:90: warning: conflicting types for built-in function 'strndup'
configure:5641: $? = 0
configure:5641: result: yes
configure:5641: checking for strtol
configure:5641: gcc -o conftest -g -O2   conftest.c  >&5
configure:5641: $? = 0
configure:5641: result: yes
configure:5641: checking for strtoul
configure:5641: gcc -o conftest -g -O2   conftest.c  >&5
configure:5641: $? = 0
configure:5641: result: yes
configure:5641: checking for strtoull
configure:5641: gcc -o conftest -g -O2   conftest.c  >&5
configure:5641: $? = 0
configure:5641: result: yes
configure:5652: checking for mlockall
configure:5652: gcc -o conftest -g -O2   conftest.c  >&5
configure:5652: $? = 0
configure:5652: result: yes
configure:5663: checking for getpagesizes
configure:5663: gcc -o conftest -g -O2   conftest.c  >&5
/tmp/ccSkoYRL.o: In function `main':
/root/twemcache/conftest.c:106: undefined reference to `getpagesizes'
collect2: ld returned 1 exit status
configure:5663: $? = 1
configure: failed program was:
| /* confdefs.h */
| #define PACKAGE_NAME "twemcache"
| #define PACKAGE_TARNAME "twemcache"
| #define PACKAGE_VERSION "2.5.2"
| #define PACKAGE_STRING "twemcache 2.5.2"
| #define PACKAGE_BUGREPORT "cache-team@twitter.com"
| #define PACKAGE_URL ""
| #define PACKAGE "twemcache"
| #define VERSION "2.5.2"
| #define MC_VERSION_MAJOR 2
| #define MC_VERSION_MINOR 5
| #define MC_VERSION_PATCH 2
| #define MC_VERSION_STRING "2.5.2"
| #define STDC_HEADERS 1
| #define HAVE_SYS_TYPES_H 1
| #define HAVE_SYS_STAT_H 1
| #define HAVE_STDLIB_H 1
| #define HAVE_STRING_H 1
| #define HAVE_MEMORY_H 1
| #define HAVE_STRINGS_H 1
| #define HAVE_INTTYPES_H 1
| #define HAVE_STDINT_H 1
| #define HAVE_UNISTD_H 1
| #define HAVE_UNSIGNED_LONG_LONG_INT 1
| #define HAVE_LONG_LONG_INT 1
| #define HAVE_INTMAX_T 1
| #define HAVE_INTPTR_T 1
| #define HAVE_UINTMAX_T 1
| #define HAVE_UINTPTR_T 1
| #define HAVE__BOOL 1
| #define HAVE_STDBOOL_H 1
| #define HAVE_FCNTL_H 1
| #define HAVE_FLOAT_H 1
| #define HAVE_LIMITS_H 1
| #define HAVE_STDDEF_H 1
| #define HAVE_STDLIB_H 1
| #define HAVE_STRING_H 1
| #define HAVE_UNISTD_H 1
| #define HAVE_INTTYPES_H 1
| #define HAVE_STDINT_H 1
| #define HAVE_SYS_IOCTL_H 1
| #define HAVE_SYS_TIME_H 1
| #define HAVE_SYS_UIO_H 1
| #define HAVE_SYS_SOCKET_H 1
| #define HAVE_SYS_UN_H 1
| #define HAVE_NETINET_IN_H 1
| #define HAVE_ARPA_INET_H 1
| #define HAVE_NETDB_H 1
| #define HAVE_FORK 1
| #define HAVE_VFORK 1
| #define HAVE_WORKING_VFORK 1
| #define HAVE_WORKING_FORK 1
| #define HAVE_STDLIB_H 1
| #define HAVE_MALLOC 1
| #define HAVE_STDLIB_H 1
| #define HAVE_REALLOC 1
| #define HAVE_DUP2 1
| #define HAVE_GETHOSTNAME 1
| #define HAVE_GETTIMEOFDAY 1
| #define HAVE_STRERROR 1
| #define HAVE_SOCKET 1
| #define HAVE_MEMCHR 1
| #define HAVE_MEMMOVE 1
| #define HAVE_MEMSET 1
| #define HAVE_STRCHR 1
| #define HAVE_STRNDUP 1
| #define HAVE_STRTOL 1
| #define HAVE_STRTOUL 1
| #define HAVE_STRTOULL 1
| #define HAVE_MLOCKALL 1
| /* end confdefs.h.  */
| /* Define getpagesizes to an innocuous variant, in case <limits.h> declares getpagesizes.
|    For example, HP-UX 11i <limits.h> declares gettimeofday.  */
| #define getpagesizes innocuous_getpagesizes
| 
| /* System header to define __stub macros and hopefully few prototypes,
|     which can conflict with char getpagesizes (); below.
|     Prefer <limits.h> to <assert.h> if __STDC__ is defined, since
|     <limits.h> exists even on freestanding compilers.  */
| 
| #ifdef __STDC__
| # include <limits.h>
| #else
| # include <assert.h>
| #endif
| 
| #undef getpagesizes
| 
| /* Override any GCC internal prototype to avoid an error.
|    Use char because int might match the return type of a GCC
|    builtin and then its argument prototype would still apply.  */
| #ifdef __cplusplus
| extern "C"
| #endif
| char getpagesizes ();
| /* The GNU C library defines this for functions which it implements
|     to always fail with ENOSYS.  Some functions are actually named
|     something starting with __ and the normal name is an alias.  */
| #if defined __stub_getpagesizes || defined __stub___getpagesizes
| choke me
| #endif
| 
| int
| main ()
| {
| return getpagesizes ();
|   ;
|   return 0;
| }
configure:5663: result: no
configure:5674: checking for memcntl
configure:5674: gcc -o conftest -g -O2   conftest.c  >&5
/tmp/ccxIhnmS.o: In function `main':
/root/twemcache/conftest.c:106: undefined reference to `memcntl'
collect2: ld returned 1 exit status
configure:5674: $? = 1
configure: failed program was:
| /* confdefs.h */
| #define PACKAGE_NAME "twemcache"
| #define PACKAGE_TARNAME "twemcache"
| #define PACKAGE_VERSION "2.5.2"
| #define PACKAGE_STRING "twemcache 2.5.2"
| #define PACKAGE_BUGREPORT "cache-team@twitter.com"
| #define PACKAGE_URL ""
| #define PACKAGE "twemcache"
| #define VERSION "2.5.2"
| #define MC_VERSION_MAJOR 2
| #define MC_VERSION_MINOR 5
| #define MC_VERSION_PATCH 2
| #define MC_VERSION_STRING "2.5.2"
| #define STDC_HEADERS 1
| #define HAVE_SYS_TYPES_H 1
| #define HAVE_SYS_STAT_H 1
| #define HAVE_STDLIB_H 1
| #define HAVE_STRING_H 1
| #define HAVE_MEMORY_H 1
| #define HAVE_STRINGS_H 1
| #define HAVE_INTTYPES_H 1
| #define HAVE_STDINT_H 1
| #define HAVE_UNISTD_H 1
| #define HAVE_UNSIGNED_LONG_LONG_INT 1
| #define HAVE_LONG_LONG_INT 1
| #define HAVE_INTMAX_T 1
| #define HAVE_INTPTR_T 1
| #define HAVE_UINTMAX_T 1
| #define HAVE_UINTPTR_T 1
| #define HAVE__BOOL 1
| #define HAVE_STDBOOL_H 1
| #define HAVE_FCNTL_H 1
| #define HAVE_FLOAT_H 1
| #define HAVE_LIMITS_H 1
| #define HAVE_STDDEF_H 1
| #define HAVE_STDLIB_H 1
| #define HAVE_STRING_H 1
| #define HAVE_UNISTD_H 1
| #define HAVE_INTTYPES_H 1
| #define HAVE_STDINT_H 1
| #define HAVE_SYS_IOCTL_H 1
| #define HAVE_SYS_TIME_H 1
| #define HAVE_SYS_UIO_H 1
| #define HAVE_SYS_SOCKET_H 1
| #define HAVE_SYS_UN_H 1
| #define HAVE_NETINET_IN_H 1
| #define HAVE_ARPA_INET_H 1
| #define HAVE_NETDB_H 1
| #define HAVE_FORK 1
| #define HAVE_VFORK 1
| #define HAVE_WORKING_VFORK 1
| #define HAVE_WORKING_FORK 1
| #define HAVE_STDLIB_H 1
| #define HAVE_MALLOC 1
| #define HAVE_STDLIB_H 1
| #define HAVE_REALLOC 1
| #define HAVE_DUP2 1
| #define HAVE_GETHOSTNAME 1
| #define HAVE_GETTIMEOFDAY 1
| #define HAVE_STRERROR 1
| #define HAVE_SOCKET 1
| #define HAVE_MEMCHR 1
| #define HAVE_MEMMOVE 1
| #define HAVE_MEMSET 1
| #define HAVE_STRCHR 1
| #define HAVE_STRNDUP 1
| #define HAVE_STRTOL 1
| #define HAVE_STRTOUL 1
| #define HAVE_STRTOULL 1
| #define HAVE_MLOCKALL 1
| /* end confdefs.h.  */
| /* Define memcntl to an innocuous variant, in case <limits.h> declares memcntl.
|    For example, HP-UX 11i <limits.h> declares gettimeofday.  */
| #define memcntl innocuous_memcntl
| 
| /* System header to define __stub macros and hopefully few prototypes,
|     which can conflict with char memcntl (); below.
|     Prefer <limits.h> to <assert.h> if __STDC__ is defined, since
|     <limits.h> exists even on freestanding compilers.  */
| 
| #ifdef __STDC__
| # include <limits.h>
| #else
| # include <assert.h>
| #endif
| 
| #undef memcntl
| 
| /* Override any GCC internal prototype to avoid an error.
|    Use char because int might match the return type of a GCC
|    builtin and then its argument prototype would still apply.  */
| #ifdef __cplusplus
| extern "C"
| #endif
| char memcntl ();
| /* The GNU C library defines this for functions which it implements
|     to always fail with ENOSYS.  Some functions are actually named
|     something starting with __ and the normal name is an alias.  */
| #if defined __stub_memcntl || defined __stub___memcntl
| choke me
| #endif
| 
| int
| main ()
| {
| return memcntl ();
|   ;
|   return 0;
| }
configure:5674: result: no
configure:5685: checking for backtrace
configure:5685: gcc -o conftest -g -O2   conftest.c  >&5
configure:5685: $? = 0
configure:5685: result: yes
configure:5696: checking for library containing pthread_create
configure:5727: gcc -o conftest -g -O2   conftest.c  >&5
/tmp/ccl7oQLl.o: In function `main':
/root/twemcache/conftest.c:84: undefined reference to `pthread_create'
collect2: ld returned 1 exit status
configure:5727: $? = 1
configure: failed program was:
| /* confdefs.h */
| #define PACKAGE_NAME "twemcache"
| #define PACKAGE_TARNAME "twemcache"
| #define PACKAGE_VERSION "2.5.2"
| #define PACKAGE_STRING "twemcache 2.5.2"
| #define PACKAGE_BUGREPORT "cache-team@twitter.com"
| #define PACKAGE_URL ""
| #define PACKAGE "twemcache"
| #define VERSION "2.5.2"
| #define MC_VERSION_MAJOR 2
| #define MC_VERSION_MINOR 5
| #define MC_VERSION_PATCH 2
| #define MC_VERSION_STRING "2.5.2"
| #define STDC_HEADERS 1
| #define HAVE_SYS_TYPES_H 1
| #define HAVE_SYS_STAT_H 1
| #define HAVE_STDLIB_H 1
| #define HAVE_STRING_H 1
| #define HAVE_MEMORY_H 1
| #define HAVE_STRINGS_H 1
| #define HAVE_INTTYPES_H 1
| #define HAVE_STDINT_H 1
| #define HAVE_UNISTD_H 1
| #define HAVE_UNSIGNED_LONG_LONG_INT 1
| #define HAVE_LONG_LONG_INT 1
| #define HAVE_INTMAX_T 1
| #define HAVE_INTPTR_T 1
| #define HAVE_UINTMAX_T 1
| #define HAVE_UINTPTR_T 1
| #define HAVE__BOOL 1
| #define HAVE_STDBOOL_H 1
| #define HAVE_FCNTL_H 1
| #define HAVE_FLOAT_H 1
| #define HAVE_LIMITS_H 1
| #define HAVE_STDDEF_H 1
| #define HAVE_STDLIB_H 1
| #define HAVE_STRING_H 1
| #define HAVE_UNISTD_H 1
| #define HAVE_INTTYPES_H 1
| #define HAVE_STDINT_H 1
| #define HAVE_SYS_IOCTL_H 1
| #define HAVE_SYS_TIME_H 1
| #define HAVE_SYS_UIO_H 1
| #define HAVE_SYS_SOCKET_H 1
| #define HAVE_SYS_UN_H 1
| #define HAVE_NETINET_IN_H 1
| #define HAVE_ARPA_INET_H 1
| #define HAVE_NETDB_H 1
| #define HAVE_FORK 1
| #define HAVE_VFORK 1
| #define HAVE_WORKING_VFORK 1
| #define HAVE_WORKING_FORK 1
| #define HAVE_STDLIB_H 1
| #define HAVE_MALLOC 1
| #define HAVE_STDLIB_H 1
| #define HAVE_REALLOC 1
| #define HAVE_DUP2 1
| #define HAVE_GETHOSTNAME 1
| #define HAVE_GETTIMEOFDAY 1
| #define HAVE_STRERROR 1
| #define HAVE_SOCKET 1
| #define HAVE_MEMCHR 1
| #define HAVE_MEMMOVE 1
| #define HAVE_MEMSET 1
| #define HAVE_STRCHR 1
| #define HAVE_STRNDUP 1
| #define HAVE_STRTOL 1
| #define HAVE_STRTOUL 1
| #define HAVE_STRTOULL 1
| #define HAVE_MLOCKALL 1
| #define HAVE_BACKTRACE 1
| /* end confdefs.h.  */
| 
| /* Override any GCC internal prototype to avoid an error.
|    Use char because int might match the return type of a GCC
|    builtin and then its argument prototype would still apply.  */
| #ifdef __cplusplus
| extern "C"
| #endif
| char pthread_create ();
| int
| main ()
| {
| return pthread_create ();
|   ;
|   return 0;
| }
configure:5727: gcc -o conftest -g -O2   conftest.c -lpthread   >&5
configure:5727: $? = 0
configure:5744: result: -lpthread
configure:5756: checking whether byte ordering is bigendian
configure:5771: gcc -c -g -O2  conftest.c >&5
conftest.c:74: error: expected '=', ',', ';', 'asm' or '__attribute__' before 'a'
configure:5771: $? = 1
configure: failed program was:
| /* confdefs.h */
| #define PACKAGE_NAME "twemcache"
| #define PACKAGE_TARNAME "twemcache"
| #define PACKAGE_VERSION "2.5.2"
| #define PACKAGE_STRING "twemcache 2.5.2"
| #define PACKAGE_BUGREPORT "cache-team@twitter.com"
| #define PACKAGE_URL ""
| #define PACKAGE "twemcache"
| #define VERSION "2.5.2"
| #define MC_VERSION_MAJOR 2
| #define MC_VERSION_MINOR 5
| #define MC_VERSION_PATCH 2
| #define MC_VERSION_STRING "2.5.2"
| #define STDC_HEADERS 1
| #define HAVE_SYS_TYPES_H 1
| #define HAVE_SYS_STAT_H 1
| #define HAVE_STDLIB_H 1
| #define HAVE_STRING_H 1
| #define HAVE_MEMORY_H 1
| #define HAVE_STRINGS_H 1
| #define HAVE_INTTYPES_H 1
| #define HAVE_STDINT_H 1
| #define HAVE_UNISTD_H 1
| #define HAVE_UNSIGNED_LONG_LONG_INT 1
| #define HAVE_LONG_LONG_INT 1
| #define HAVE_INTMAX_T 1
| #define HAVE_INTPTR_T 1
| #define HAVE_UINTMAX_T 1
| #define HAVE_UINTPTR_T 1
| #define HAVE__BOOL 1
| #define HAVE_STDBOOL_H 1
| #define HAVE_FCNTL_H 1
| #define HAVE_FLOAT_H 1
| #define HAVE_LIMITS_H 1
| #define HAVE_STDDEF_H 1
| #define HAVE_STDLIB_H 1
| #define HAVE_STRING_H 1
| #define HAVE_UNISTD_H 1
| #define HAVE_INTTYPES_H 1
| #define HAVE_STDINT_H 1
| #define HAVE_SYS_IOCTL_H 1
| #define HAVE_SYS_TIME_H 1
| #define HAVE_SYS_UIO_H 1
| #define HAVE_SYS_SOCKET_H 1
| #define HAVE_SYS_UN_H 1
| #define HAVE_NETINET_IN_H 1
| #define HAVE_ARPA_INET_H 1
| #define HAVE_NETDB_H 1
| #define HAVE_FORK 1
| #define HAVE_VFORK 1
| #define HAVE_WORKING_VFORK 1
| #define HAVE_WORKING_FORK 1
| #define HAVE_STDLIB_H 1
| #define HAVE_MALLOC 1
| #define HAVE_STDLIB_H 1
| #define HAVE_REALLOC 1
| #define HAVE_DUP2 1
| #define HAVE_GETHOSTNAME 1
| #define HAVE_GETTIMEOFDAY 1
| #define HAVE_STRERROR 1
| #define HAVE_SOCKET 1
| #define HAVE_MEMCHR 1
| #define HAVE_MEMMOVE 1
| #define HAVE_MEMSET 1
| #define HAVE_STRCHR 1
| #define HAVE_STRNDUP 1
| #define HAVE_STRTOL 1
| #define HAVE_STRTOUL 1
| #define HAVE_STRTOULL 1
| #define HAVE_MLOCKALL 1
| #define HAVE_BACKTRACE 1
| /* end confdefs.h.  */
| #ifndef __APPLE_CC__
| 	       not a universal capable compiler
| 	     #endif
| 	     typedef int dummy;
| 
configure:5816: gcc -c -g -O2  conftest.c >&5
configure:5816: $? = 0
configure:5834: gcc -c -g -O2  conftest.c >&5
conftest.c: In function 'main':
conftest.c:80: error: 'not' undeclared (first use in this function)
conftest.c:80: error: (Each undeclared identifier is reported only once
conftest.c:80: error: for each function it appears in.)
conftest.c:80: error: expected ';' before 'big'
configure:5834: $? = 1
configure: failed program was:
| /* confdefs.h */
| #define PACKAGE_NAME "twemcache"
| #define PACKAGE_TARNAME "twemcache"
| #define PACKAGE_VERSION "2.5.2"
| #define PACKAGE_STRING "twemcache 2.5.2"
| #define PACKAGE_BUGREPORT "cache-team@twitter.com"
| #define PACKAGE_URL ""
| #define PACKAGE "twemcache"
| #define VERSION "2.5.2"
| #define MC_VERSION_MAJOR 2
| #define MC_VERSION_MINOR 5
| #define MC_VERSION_PATCH 2
| #define MC_VERSION_STRING "2.5.2"
| #define STDC_HEADERS 1
| #define HAVE_SYS_TYPES_H 1
| #define HAVE_SYS_STAT_H 1
| #define HAVE_STDLIB_H 1
| #define HAVE_STRING_H 1
| #define HAVE_MEMORY_H 1
| #define HAVE_STRINGS_H 1
| #define HAVE_INTTYPES_H 1
| #define HAVE_STDINT_H 1
| #define HAVE_UNISTD_H 1
| #define HAVE_UNSIGNED_LONG_LONG_INT 1
| #define HAVE_LONG_LONG_INT 1
| #define HAVE_INTMAX_T 1
| #define HAVE_INTPTR_T 1
| #define HAVE_UINTMAX_T 1
| #define HAVE_UINTPTR_T 1
| #define HAVE__BOOL 1
| #define HAVE_STDBOOL_H 1
| #define HAVE_FCNTL_H 1
| #define HAVE_FLOAT_H 1
| #define HAVE_LIMITS_H 1
| #define HAVE_STDDEF_H 1
| #define HAVE_STDLIB_H 1
| #define HAVE_STRING_H 1
| #define HAVE_UNISTD_H 1
| #define HAVE_INTTYPES_H 1
| #define HAVE_STDINT_H 1
| #define HAVE_SYS_IOCTL_H 1
| #define HAVE_SYS_TIME_H 1
| #define HAVE_SYS_UIO_H 1
| #define HAVE_SYS_SOCKET_H 1
| #define HAVE_SYS_UN_H 1
| #define HAVE_NETINET_IN_H 1
| #define HAVE_ARPA_INET_H 1
| #define HAVE_NETDB_H 1
| #define HAVE_FORK 1
| #define HAVE_VFORK 1
| #define HAVE_WORKING_VFORK 1
| #define HAVE_WORKING_FORK 1
| #define HAVE_STDLIB_H 1
| #define HAVE_MALLOC 1
| #define HAVE_STDLIB_H 1
| #define HAVE_REALLOC 1
| #define HAVE_DUP2 1
| #define HAVE_GETHOSTNAME 1
| #define HAVE_GETTIMEOFDAY 1
| #define HAVE_STRERROR 1
| #define HAVE_SOCKET 1
| #define HAVE_MEMCHR 1
| #define HAVE_MEMMOVE 1
| #define HAVE_MEMSET 1
| #define HAVE_STRCHR 1
| #define HAVE_STRNDUP 1
| #define HAVE_STRTOL 1
| #define HAVE_STRTOUL 1
| #define HAVE_STRTOULL 1
| #define HAVE_MLOCKALL 1
| #define HAVE_BACKTRACE 1
| /* end confdefs.h.  */
| #include <sys/types.h>
| 		#include <sys/param.h>
| 
| int
| main ()
| {
| #if BYTE_ORDER != BIG_ENDIAN
| 		 not big endian
| 		#endif
| 
|   ;
|   return 0;
| }
configure:5962: result: no
configure:5983: checking whether to enable debug logs and asserts
configure:6021: result: log
configure:6025: checking whether to disable stats
configure:6041: result: no
configure:6047: checking whether to disable command logger (klog)
configure:6063: result: no
configure:6077: checking for libevent directory
configure:6132: gcc -o conftest -g -O2   conftest.c -levent -lpthread  >&5
configure:6132: $? = 0
configure:6164: result: (system)
configure:6190: checking whether to enable static linking
configure:6215: result: no
configure:6353: creating ./config.status

## ---------------------- ##
## Running config.status. ##
## ---------------------- ##

This file was extended by twemcache config.status 2.5.2, which was
generated by GNU Autoconf 2.69.  Invocation command line was

  CONFIG_FILES    = 
  CONFIG_HEADERS  = 
  CONFIG_LINKS    = 
  CONFIG_COMMANDS = 
  $ ./config.status 

on localhost.localdomain

config.status:916: creating Makefile
config.status:916: creating src/Makefile
config.status:916: creating config.h
config.status:1097: config.h is unchanged
config.status:1145: executing depfiles commands

## ---------------- ##
## Cache variables. ##
## ---------------- ##

ac_cv_build=x86_64-unknown-linux-gnu
ac_cv_c_bigendian=no
ac_cv_c_compiler_gnu=yes
ac_cv_c_const=yes
ac_cv_c_inline=inline
ac_cv_c_int16_t=yes
ac_cv_c_int32_t=yes
ac_cv_c_int64_t=yes
ac_cv_c_int8_t=yes
ac_cv_c_uint16_t=yes
ac_cv_c_uint32_t=yes
ac_cv_c_uint64_t=yes
ac_cv_c_uint8_t=yes
ac_cv_env_CC_set=
ac_cv_env_CC_value=
ac_cv_env_CFLAGS_set=
ac_cv_env_CFLAGS_value=
ac_cv_env_CPPFLAGS_set=
ac_cv_env_CPPFLAGS_value=
ac_cv_env_CPP_set=
ac_cv_env_CPP_value=
ac_cv_env_LDFLAGS_set=
ac_cv_env_LDFLAGS_value=
ac_cv_env_LIBS_set=
ac_cv_env_LIBS_value=
ac_cv_env_build_alias_set=
ac_cv_env_build_alias_value=
ac_cv_env_host_alias_set=
ac_cv_env_host_alias_value=
ac_cv_env_target_alias_set=
ac_cv_env_target_alias_value=
ac_cv_func_backtrace=yes
ac_cv_func_dup2=yes
ac_cv_func_fork=yes
ac_cv_func_fork_works=yes
ac_cv_func_gethostname=yes
ac_cv_func_getpagesizes=no
ac_cv_func_gettimeofday=yes
ac_cv_func_malloc_0_nonnull=yes
ac_cv_func_memchr=yes
ac_cv_func_memcntl=no
ac_cv_func_memmove=yes
ac_cv_func_memset=yes
ac_cv_func_mlockall=yes
ac_cv_func_realloc_0_nonnull=yes
ac_cv_func_socket=yes
ac_cv_func_strchr=yes
ac_cv_func_strerror=yes
ac_cv_func_strndup=yes
ac_cv_func_strtol=yes
ac_cv_func_strtoul=yes
ac_cv_func_strtoull=yes
ac_cv_func_vfork=yes
ac_cv_func_vfork_works=yes
ac_cv_header_arpa_inet_h=yes
ac_cv_header_fcntl_h=yes
ac_cv_header_float_h=yes
ac_cv_header_inttypes_h=yes
ac_cv_header_limits_h=yes
ac_cv_header_memory_h=yes
ac_cv_header_netdb_h=yes
ac_cv_header_netinet_in_h=yes
ac_cv_header_stdbool_h=yes
ac_cv_header_stdc=yes
ac_cv_header_stddef_h=yes
ac_cv_header_stdint_h=yes
ac_cv_header_stdlib_h=yes
ac_cv_header_string_h=yes
ac_cv_header_strings_h=yes
ac_cv_header_sys_ioctl_h=yes
ac_cv_header_sys_socket_h=yes
ac_cv_header_sys_stat_h=yes
ac_cv_header_sys_time_h=yes
ac_cv_header_sys_types_h=yes
ac_cv_header_sys_uio_h=yes
ac_cv_header_sys_un_h=yes
ac_cv_header_unistd_h=yes
ac_cv_header_vfork_h=no
ac_cv_host=x86_64-unknown-linux-gnu
ac_cv_libevent_dir='(system)'
ac_cv_objext=o
ac_cv_path_EGREP='/bin/grep -E'
ac_cv_path_GREP=/bin/grep
ac_cv_path_install='/usr/bin/install -c'
ac_cv_path_mkdir=/bin/mkdir
ac_cv_prog_AWK=gawk
ac_cv_prog_CPP='gcc -E'
ac_cv_prog_ac_ct_CC=gcc
ac_cv_prog_cc_c89=
ac_cv_prog_cc_g=yes
ac_cv_prog_cc_gcc_c_o=yes
ac_cv_prog_make_make_set=yes
ac_cv_search_pthread_create=-lpthread
ac_cv_target=x86_64-unknown-linux-gnu
ac_cv_type__Bool=yes
ac_cv_type_intmax_t=yes
ac_cv_type_intptr_t=yes
ac_cv_type_long_long_int=yes
ac_cv_type_off_t=yes
ac_cv_type_pid_t=yes
ac_cv_type_size_t=yes
ac_cv_type_ssize_t=yes
ac_cv_type_uid_t=yes
ac_cv_type_uintmax_t=yes
ac_cv_type_uintptr_t=yes
ac_cv_type_unsigned_long_long_int=yes
am_cv_CC_dependencies_compiler_type=gcc3

## ----------------- ##
## Output variables. ##
## ----------------- ##

ACLOCAL='${SHELL} /root/twemcache/config/missing --run aclocal-1.11'
AMDEPBACKSLASH='\'
AMDEP_FALSE='#'
AMDEP_TRUE=''
AMTAR='${SHELL} /root/twemcache/config/missing --run tar'
AM_BACKSLASH='\'
AM_DEFAULT_VERBOSITY='0'
AUTOCONF='${SHELL} /root/twemcache/config/missing --run autoconf'
AUTOHEADER='${SHELL} /root/twemcache/config/missing --run autoheader'
AUTOMAKE='${SHELL} /root/twemcache/config/missing --run automake-1.11'
AWK='gawk'
CC='gcc'
CCDEPMODE='depmode=gcc3'
CFLAGS='-g -O2'
CPP='gcc -E'
CPPFLAGS=''
CYGPATH_W='echo'
DEFS='-DHAVE_CONFIG_H'
DEPDIR='.deps'
ECHO_C=''
ECHO_N='-n'
ECHO_T=''
EGREP='/bin/grep -E'
EXEEXT=''
GREP='/bin/grep'
INSTALL_DATA='${INSTALL} -m 644'
INSTALL_PROGRAM='${INSTALL}'
INSTALL_SCRIPT='${INSTALL}'
INSTALL_STRIP_PROGRAM='$(install_sh) -c -s'
LDFLAGS=''
LIBOBJS=''
LIBS='-levent -lpthread '
LTLIBOBJS=''
MAKEINFO='${SHELL} /root/twemcache/config/missing --run makeinfo'
MKDIR_P='/bin/mkdir -p'
OBJEXT='o'
PACKAGE='twemcache'
PACKAGE_BUGREPORT='cache-team@twitter.com'
PACKAGE_NAME='twemcache'
PACKAGE_STRING='twemcache 2.5.2'
PACKAGE_TARNAME='twemcache'
PACKAGE_URL=''
PACKAGE_VERSION='2.5.2'
PATH_SEPARATOR=':'
SET_MAKE=''
SHELL='/bin/sh'
STRIP=''
VERSION='2.5.2'
ac_ct_CC='gcc'
am__EXEEXT_FALSE=''
am__EXEEXT_TRUE='#'
am__fastdepCC_FALSE='#'
am__fastdepCC_TRUE=''
am__include='include'
am__isrc=''
am__leading_dot='.'
am__quote=''
am__tar='${AMTAR} chof - "$$tardir"'
am__untar='${AMTAR} xf -'
bindir='${exec_prefix}/bin'
build='x86_64-unknown-linux-gnu'
build_alias=''
build_cpu='x86_64'
build_os='linux-gnu'
build_vendor='unknown'
datadir='${datarootdir}'
datarootdir='${prefix}/share'
docdir='${datarootdir}/doc/${PACKAGE_TARNAME}'
dvidir='${docdir}'
exec_prefix='${prefix}'
host='x86_64-unknown-linux-gnu'
host_alias=''
host_cpu='x86_64'
host_os='linux-gnu'
host_vendor='unknown'
htmldir='${docdir}'
includedir='${prefix}/include'
infodir='${datarootdir}/info'
install_sh='${SHELL} /root/twemcache/config/install-sh'
libdir='${exec_prefix}/lib'
libexecdir='${exec_prefix}/libexec'
localedir='${datarootdir}/locale'
localstatedir='${prefix}/var'
mandir='${datarootdir}/man'
mkdir_p='/bin/mkdir -p'
oldincludedir='/usr/include'
pdfdir='${docdir}'
prefix='/usr/local'
program_transform_name='s,x,x,'
psdir='${docdir}'
sbindir='${exec_prefix}/sbin'
sharedstatedir='${prefix}/com'
sysconfdir='${prefix}/etc'
target='x86_64-unknown-linux-gnu'
target_alias=''
target_cpu='x86_64'
target_os='linux-gnu'
target_vendor='unknown'

## ----------- ##
## confdefs.h. ##
## ----------- ##

/* confdefs.h */
#define PACKAGE_NAME "twemcache"
#define PACKAGE_TARNAME "twemcache"
#define PACKAGE_VERSION "2.5.2"
#define PACKAGE_STRING "twemcache 2.5.2"
#define PACKAGE_BUGREPORT "cache-team@twitter.com"
#define PACKAGE_URL ""
#define PACKAGE "twemcache"
#define VERSION "2.5.2"
#define MC_VERSION_MAJOR 2
#define MC_VERSION_MINOR 5
#define MC_VERSION_PATCH 2
#define MC_VERSION_STRING "2.5.2"
#define STDC_HEADERS 1
#define HAVE_SYS_TYPES_H 1
#define HAVE_SYS_STAT_H 1
#define HAVE_STDLIB_H 1
#define HAVE_STRING_H 1
#define HAVE_MEMORY_H 1
#define HAVE_STRINGS_H 1
#define HAVE_INTTYPES_H 1
#define HAVE_STDINT_H 1
#define HAVE_UNISTD_H 1
#define HAVE_UNSIGNED_LONG_LONG_INT 1
#define HAVE_LONG_LONG_INT 1
#define HAVE_INTMAX_T 1
#define HAVE_INTPTR_T 1
#define HAVE_UINTMAX_T 1
#define HAVE_UINTPTR_T 1
#define HAVE__BOOL 1
#define HAVE_STDBOOL_H 1
#define HAVE_FCNTL_H 1
#define HAVE_FLOAT_H 1
#define HAVE_LIMITS_H 1
#define HAVE_STDDEF_H 1
#define HAVE_STDLIB_H 1
#define HAVE_STRING_H 1
#define HAVE_UNISTD_H 1
#define HAVE_INTTYPES_H 1
#define HAVE_STDINT_H 1
#define HAVE_SYS_IOCTL_H 1
#define HAVE_SYS_TIME_H 1
#define HAVE_SYS_UIO_H 1
#define HAVE_SYS_SOCKET_H 1
#define HAVE_SYS_UN_H 1
#define HAVE_NETINET_IN_H 1
#define HAVE_ARPA_INET_H 1
#define HAVE_NETDB_H 1
#define HAVE_FORK 1
#define HAVE_VFORK 1
#define HAVE_WORKING_VFORK 1
#define HAVE_WORKING_FORK 1
#define HAVE_STDLIB_H 1
#define HAVE_MALLOC 1
#define HAVE_STDLIB_H 1
#define HAVE_REALLOC 1
#define HAVE_DUP2 1
#define HAVE_GETHOSTNAME 1
#define HAVE_GETTIMEOFDAY 1
#define HAVE_STRERROR 1
#define HAVE_SOCKET 1
#define HAVE_MEMCHR 1
#define HAVE_MEMMOVE 1
#define HAVE_MEMSET 1
#define HAVE_STRCHR 1
#define HAVE_STRNDUP 1
#define HAVE_STRTOL 1
#define HAVE_STRTOUL 1
#define HAVE_STRTOULL 1
#define HAVE_MLOCKALL 1
#define HAVE_BACKTRACE 1
#define HAVE_LITTLE_ENDIAN 1
#define HAVE_DEBUG_LOG 1

configure: exit 0
